#
# There is insufficient memory for the Java Runtime Environment to continue.
# Native memory allocation (mmap) failed to map 199229440 bytes for Failed to commit area from 0x0000000743a00000 to 0x000000074f800000 of length 199229440.
# Possible reasons:
#   The system is out of physical RAM or swap space
#   The process is running with CompressedOops enabled, and the Java Heap may be blocking the growth of the native heap
# Possible solutions:
#   Reduce memory load on the system
#   Increase physical memory or swap space
#   Check if swap backing store is full
#   Decrease Java heap size (-Xmx/-Xms)
#   Decrease number of Java threads
#   Decrease Java thread stack sizes (-Xss)
#   Set larger code cache with -XX:ReservedCodeCacheSize=
# This output file may be truncated or incomplete.
#
#  Out of Memory Error (./open/src/hotspot/os/windows/os_windows.cpp:3301), pid=18096, tid=19756
#
# JRE version:  (11.0.26+7) (build )
# Java VM: Java HotSpot(TM) 64-Bit Server VM (11.0.26+7-LTS-187, mixed mode, sharing, tiered, compressed oops, g1 gc, windows-amd64)
# No core dump will be written. Minidumps are not enabled by default on client versions of Windows
#

---------------  S U M M A R Y ------------

Command Line: 

Host: Intel(R) Core(TM) i5-1035G1 CPU @ 1.00GHz, 8 cores, 11G,  Windows 11 , 64 bit Build 26100 (10.0.26100.2454)
Time: Sun Feb  2 13:23:38 2025 Central Standard Time elapsed time: 2.106833 seconds (0d 0h 0m 2s)

---------------  T H R E A D  ---------------

Current thread (0x000001d9835bc000):  JavaThread "Unknown thread" [_thread_in_vm, id=19756, stack(0x000000d4eff00000,0x000000d4f0000000)]

Stack: [0x000000d4eff00000,0x000000d4f0000000]
Native frames: (J=compiled Java code, j=interpreted, Vv=VM code, C=native code)
V  [jvm.dll+0x65862a]
V  [jvm.dll+0x79b21f]
V  [jvm.dll+0x79c8e9]
V  [jvm.dll+0x79cf93]
V  [jvm.dll+0x255745]
V  [jvm.dll+0x655979]
V  [jvm.dll+0x64a795]
V  [jvm.dll+0x3102bd]
V  [jvm.dll+0x310122]
V  [jvm.dll+0x314ea6]
V  [jvm.dll+0x358480]
V  [jvm.dll+0x357ef2]
V  [jvm.dll+0x2eb3b8]
V  [jvm.dll+0x2ec4d5]
V  [jvm.dll+0x774777]
V  [jvm.dll+0x775fff]
V  [jvm.dll+0x3655e9]
V  [jvm.dll+0x758e2f]
V  [jvm.dll+0x3d7547]
V  [jvm.dll+0x3d9691]
C  [jli.dll+0x52e7]
C  [ucrtbase.dll+0x14ea0]
C  [KERNEL32.DLL+0x2e8d7]
C  [ntdll.dll+0xdfbcc]


---------------  P R O C E S S  ---------------

Threads class SMR info:
_java_thread_list=0x000001d981ad88f0, length=0, elements={
}

Java Threads: ( => current thread )

Other Threads:
  0x000001d9835d0800 GCTaskThread "GC Thread#0" [stack: 0x000000d4f0000000,0x000000d4f0100000] [id=16184]
  0x000001d983617000 ConcurrentGCThread "G1 Main Marker" [stack: 0x000000d4f0100000,0x000000d4f0200000] [id=15304]
  0x000001d983619000 ConcurrentGCThread "G1 Conc#0" [stack: 0x000000d4f0200000,0x000000d4f0300000] [id=9844]

[error occurred during error reporting (printing all threads), id 0xc0000005, EXCEPTION_ACCESS_VIOLATION (0xc0000005) at pc=0x00007ffefc47ba77]

VM state:not at safepoint (not fully initialized)

VM Mutex/Monitor currently owned by a thread:  ([mutex/lock_event])
[0x000001d9835b74c0] Heap_lock - owner thread: 0x000001d9835bc000

Heap address: 0x0000000743a00000, size: 3014 MB, Compressed Oops mode: Non-zero based: 0x0000000743a00000
Narrow klass base: 0x0000000000000000, Narrow klass shift: 0

GC Heap History (0 events):
No events

Deoptimization events (0 events):
No events

Classes redefined (0 events):
No events

Internal exceptions (0 events):
No events

Events (0 events):
No events


Dynamic libraries:
0x00007ff64a220000 - 0x00007ff64a230000 	C:\Program Files\Java\jdk-11\bin\java.exe
0x00007fff6cae0000 - 0x00007fff6cd43000 	C:\WINDOWS\SYSTEM32\ntdll.dll
0x00007fff6be20000 - 0x00007fff6bee8000 	C:\WINDOWS\System32\KERNEL32.DLL
0x00007fff6a280000 - 0x00007fff6a632000 	C:\WINDOWS\System32\KERNELBASE.dll
0x00007fff6a670000 - 0x00007fff6a7bb000 	C:\WINDOWS\System32\ucrtbase.dll
0x00007fff45660000 - 0x00007fff4567b000 	C:\Program Files\Java\jdk-11\bin\VCRUNTIME140.dll
0x00007fff45790000 - 0x00007fff457a9000 	C:\Program Files\Java\jdk-11\bin\jli.dll
0x00007fff6b4f0000 - 0x00007fff6b5a4000 	C:\WINDOWS\System32\ADVAPI32.dll
0x00007fff6b270000 - 0x00007fff6b319000 	C:\WINDOWS\System32\msvcrt.dll
0x00007fff6c270000 - 0x00007fff6c316000 	C:\WINDOWS\System32\sechost.dll
0x00007fff6b070000 - 0x00007fff6b186000 	C:\WINDOWS\System32\RPCRT4.dll
0x00007fff6b320000 - 0x00007fff6b4e8000 	C:\WINDOWS\System32\USER32.dll
0x00007fff4add0000 - 0x00007fff4b060000 	C:\WINDOWS\WinSxS\amd64_microsoft.windows.common-controls_6595b64144ccf1df_6.0.26100.2454_none_3e0b68a2e331ad60\COMCTL32.dll
0x00007fff6a640000 - 0x00007fff6a667000 	C:\WINDOWS\System32\win32u.dll
0x00007fff6ca70000 - 0x00007fff6ca9a000 	C:\WINDOWS\System32\GDI32.dll
0x00007fff69ff0000 - 0x00007fff6a11b000 	C:\WINDOWS\System32\gdi32full.dll
0x00007fff63590000 - 0x00007fff6359b000 	C:\WINDOWS\SYSTEM32\VERSION.dll
0x00007fff69eb0000 - 0x00007fff69f53000 	C:\WINDOWS\System32\msvcp_win.dll
0x00007fff6ca30000 - 0x00007fff6ca5f000 	C:\WINDOWS\System32\IMM32.DLL
0x00007fff54b30000 - 0x00007fff54b3c000 	C:\Program Files\Java\jdk-11\bin\vcruntime140_1.dll
0x00007fff42d30000 - 0x00007fff42dbe000 	C:\Program Files\Java\jdk-11\bin\msvcp140.dll
0x00007ffefc180000 - 0x00007ffefcce3000 	C:\Program Files\Java\jdk-11\bin\server\jvm.dll
0x00007fff6b8f0000 - 0x00007fff6b8f8000 	C:\WINDOWS\System32\PSAPI.DLL
0x00007fff564c0000 - 0x00007fff564f6000 	C:\WINDOWS\SYSTEM32\WINMM.dll
0x00007fff518a0000 - 0x00007fff518aa000 	C:\WINDOWS\SYSTEM32\WSOCK32.dll
0x00007fff6bf40000 - 0x00007fff6bfb4000 	C:\WINDOWS\System32\WS2_32.dll
0x00007fff68cc0000 - 0x00007fff68cda000 	C:\WINDOWS\SYSTEM32\kernel.appcore.dll
0x00007fff54470000 - 0x00007fff54480000 	C:\Program Files\Java\jdk-11\bin\verify.dll
0x00007fff67620000 - 0x00007fff67861000 	C:\WINDOWS\SYSTEM32\DBGHELP.DLL
0x00007fff6ab70000 - 0x00007fff6aeee000 	C:\WINDOWS\System32\combase.dll
0x00007fff6b190000 - 0x00007fff6b266000 	C:\WINDOWS\System32\OLEAUT32.dll
0x00007fff54080000 - 0x00007fff540b9000 	C:\WINDOWS\SYSTEM32\dbgcore.DLL
0x00007fff6a1e0000 - 0x00007fff6a279000 	C:\WINDOWS\System32\bcryptPrimitives.dll
0x00007fff448f0000 - 0x00007fff44918000 	C:\Program Files\Java\jdk-11\bin\java.dll
0x00007fff44e80000 - 0x00007fff44e8a000 	C:\Program Files\Java\jdk-11\bin\jimage.dll
0x00007fff448d0000 - 0x00007fff448e7000 	C:\Program Files\Java\jdk-11\bin\zip.dll

dbghelp: loaded successfully - version: 4.0.5 - missing functions: none
symbol engine: initialized successfully - sym options: 0x614 - pdb path: .;C:\Program Files\Java\jdk-11\bin;C:\WINDOWS\SYSTEM32;C:\WINDOWS\WinSxS\amd64_microsoft.windows.common-controls_6595b64144ccf1df_6.0.26100.2454_none_3e0b68a2e331ad60;C:\Program Files\Java\jdk-11\bin\server

VM Arguments:
java_command: <unknown>
java_class_path (initial): <not set>
Launcher Type: SUN_STANDARD

[Global flags]
     intx CICompilerCount                          = 4                                         {product} {ergonomic}
     uint ConcGCThreads                            = 2                                         {product} {ergonomic}
     uint G1ConcRefinementThreads                  = 8                                         {product} {ergonomic}
   size_t G1HeapRegionSize                         = 1048576                                   {product} {ergonomic}
    uintx GCDrainStackTargetSize                   = 64                                        {product} {ergonomic}
   size_t InitialHeapSize                          = 199229440                                 {product} {ergonomic}
   size_t MarkStackSize                            = 4194304                                   {product} {ergonomic}
   size_t MaxHeapSize                              = 3160408064                                {product} {ergonomic}
   size_t MinHeapDeltaBytes                        = 1048576                                   {product} {ergonomic}
    uintx NonNMethodCodeHeapSize                   = 5836300                                {pd product} {ergonomic}
    uintx NonProfiledCodeHeapSize                  = 122910970                              {pd product} {ergonomic}
    uintx ProfiledCodeHeapSize                     = 122910970                              {pd product} {ergonomic}
    uintx ReservedCodeCacheSize                    = 251658240                              {pd product} {ergonomic}
     bool SegmentedCodeCache                       = true                                      {product} {ergonomic}
     bool UseCompressedClassPointers               = true                                 {lp64_product} {ergonomic}
     bool UseCompressedOops                        = true                                 {lp64_product} {ergonomic}
     bool UseG1GC                                  = true                                      {product} {ergonomic}
     bool UseLargePagesIndividualAllocation        = false                                  {pd product} {ergonomic}

Logging:
Log output configuration:
 #0: stdout all=warning uptime,level,tags
 #1: stderr all=off uptime,level,tags

Environment Variables:
JAVA_HOME=C:\Program Files\Java\jdk-11
PATH=C:\Program Files\Common Files\Oracle\Java\javapath;C:\Program Files (x86)\Common Files\Oracle\Java\java8path;C:\Program Files (x86)\Common Files\Oracle\Java\javapath;C:\WINDOWS\system32;C:\WINDOWS;C:\WINDOWS\System32\Wbem;C:\WINDOWS\System32\WindowsPowerShell\v1.0\;C:\WINDOWS\System32\OpenSSH\;C:\Program Files\dotnet\;C:\Program Files\Git\cmd;C:\Program Files\MySQL\MySQL Shell 8.0\bin\;C:\Users\sraje\AppData\Local\Microsoft\WindowsApps;C:\Users\sraje\AppData\Local\GitHubDesktop\bin;C:\Program Files\JetBrains\IntelliJ IDEA Community Edition 2024.3.2\bin;;
USERNAME=sraje
OS=Windows_NT
PROCESSOR_IDENTIFIER=Intel64 Family 6 Model 126 Stepping 5, GenuineIntel



---------------  S Y S T E M  ---------------

OS: Windows 11 , 64 bit Build 26100 (10.0.26100.2454)
Hyper-V role detected

CPU:total 8 (initial active 8) (4 cores per cpu, 2 threads per core) family 6 model 126 stepping 5 microcode 0xc6, cmov, cx8, fxsr, mmx, sse, sse2, sse3, ssse3, sse4.1, sse4.2, popcnt, avx, avx2, aes, clmul, erms, 3dnowpref, lzcnt, ht, tsc, tscinvbit, bmi1, bmi2, adx, evex, sha, fma

Memory: 4k page, system-wide physical 12054M (1356M free)
TotalPageFile size 15657M (AvailPageFile size 169M)
current process WorkingSet (physical memory assigned to process): 12M, peak: 12M
current process commit charge ("private bytes"): 60M, peak: 250M

vm_info: Java HotSpot(TM) 64-Bit Server VM (11.0.26+7-LTS-187) for windows-amd64 JRE (11.0.26+7-LTS-187), built on Dec  3 2024 11:06:37 by "mach5one" with MS VC++ 17.6 (VS2022)

END.
