#
# There is insufficient memory for the Java Runtime Environment to continue.
# Native memory allocation (malloc) failed to allocate 252896 bytes. Error detail: Chunk::new
# Possible reasons:
#   The system is out of physical RAM or swap space
#   This process is running with CompressedOops enabled, and the Java Heap may be blocking the growth of the native heap
# Possible solutions:
#   Reduce memory load on the system
#   Increase physical memory or swap space
#   Check if swap backing store is full
#   Decrease Java heap size (-Xmx/-Xms)
#   Decrease number of Java threads
#   Decrease Java thread stack sizes (-Xss)
#   Set larger code cache with -XX:ReservedCodeCacheSize=
#   JVM is running with Zero Based Compressed Oops mode in which the Java heap is
#     placed in the first 32GB address space. The Java Heap base address is the
#     maximum limit for the native heap growth. Please use -XX:HeapBaseMinAddress
#     to set the Java Heap base and to place the Java Heap above 32GB virtual address.
# This output file may be truncated or incomplete.
#
#  Out of Memory Error (arena.cpp:149), pid=11064, tid=16336
#
# JRE version: OpenJDK Runtime Environment (23.0.2+7) (build 23.0.2+7-58)
# Java VM: OpenJDK 64-Bit Server VM (23.0.2+7-58, mixed mode, sharing, tiered, compressed oops, compressed class ptrs, g1 gc, windows-amd64)
# No core dump will be written. Minidumps are not enabled by default on client versions of Windows
#

---------------  S U M M A R Y ------------

Command Line: -javaagent:C:\Program Files\JetBrains\IntelliJ IDEA Community Edition 2024.3.2\lib\idea_rt.jar=50126:C:\Program Files\JetBrains\IntelliJ IDEA Community Edition 2024.3.2\bin -Dfile.encoding=UTF-8 -Dsun.stdout.encoding=UTF-8 -Dsun.stderr.encoding=UTF-8 com.example.demo.DemoApplication

Host: Intel(R) Core(TM) i5-1035G1 CPU @ 1.00GHz, 8 cores, 11G,  Windows 11 , 64 bit Build 26100 (10.0.26100.3037)
Time: Thu Feb  6 21:26:55 2025 Central Standard Time elapsed time: 10638.644581 seconds (0d 2h 57m 18s)

---------------  T H R E A D  ---------------

Current thread (0x00000252fee03660):  JavaThread "C2 CompilerThread0" daemon [_thread_in_native, id=16336, stack(0x0000006145d00000,0x0000006145e00000) (1024K)]


Current CompileTask:
C2:10638645 7307       4       sun.security.provider.DigestBase::engineDigest (112 bytes)

Stack: [0x0000006145d00000,0x0000006145e00000]
Native frames: (J=compiled Java code, j=interpreted, Vv=VM code, C=native code)
V  [jvm.dll+0x6e0b99]  (no source info available)
V  [jvm.dll+0x87e2b3]  (no source info available)
V  [jvm.dll+0x88073e]  (no source info available)
V  [jvm.dll+0x880e13]  (no source info available)
V  [jvm.dll+0x27b006]  (no source info available)
V  [jvm.dll+0xbc06f]  (no source info available)
V  [jvm.dll+0xbc2cb]  (no source info available)
V  [jvm.dll+0x2eea6d]  (no source info available)
V  [jvm.dll+0x606669]  (no source info available)
V  [jvm.dll+0x24def2]  (no source info available)
V  [jvm.dll+0x24e2d5]  (no source info available)
V  [jvm.dll+0x246c54]  (no source info available)
V  [jvm.dll+0x243e04]  (no source info available)
V  [jvm.dll+0x1c34b0]  (no source info available)
V  [jvm.dll+0x253df1]  (no source info available)
V  [jvm.dll+0x2520aa]  (no source info available)
V  [jvm.dll+0x3ee226]  (no source info available)
V  [jvm.dll+0x8254cb]  (no source info available)
V  [jvm.dll+0x6df345]  (no source info available)
C  [ucrtbase.dll+0x37b0]  (no source info available)
C  [KERNEL32.DLL+0x2e8d7]  (no source info available)
C  [ntdll.dll+0xbbf2c]  (no source info available)

Lock stack of current Java thread (top to bottom):


---------------  P R O C E S S  ---------------

Threads class SMR info:
_java_thread_list=0x00000252c75deb40, length=31, elements={
0x00000252fedde1c0, 0x00000252fede2ee0, 0x00000252fedecc20, 0x00000252fededbf0,
0x00000252fedf6900, 0x00000252fedf8370, 0x00000252fee03660, 0x00000252fee05d40,
0x00000252fedf9090, 0x00000252fedf9720, 0x00000252fedfaad0, 0x00000252c675c160,
0x00000252c675d510, 0x00000252c675f5e0, 0x00000252c675dba0, 0x00000252c675fc70,
0x00000252c74a0430, 0x00000252c74a0ac0, 0x00000252c749d640, 0x00000252c74a1150,
0x00000252c749dcd0, 0x00000252c74a17e0, 0x00000252c749e360, 0x00000252c74a1e70,
0x00000252c749e9f0, 0x00000252c74a2500, 0x00000252c74a38b0, 0x00000252c74a2b90,
0x00000252c74a3220, 0x00000252c7c462b0, 0x00000252c7c45590
}

Java Threads: ( => current thread )
  0x00000252fedde1c0 JavaThread "Reference Handler"          daemon [_thread_blocked, id=9620, stack(0x0000006145700000,0x0000006145800000) (1024K)]
  0x00000252fede2ee0 JavaThread "Finalizer"                  daemon [_thread_blocked, id=7216, stack(0x0000006145800000,0x0000006145900000) (1024K)]
  0x00000252fedecc20 JavaThread "Signal Dispatcher"          daemon [_thread_blocked, id=19488, stack(0x0000006145900000,0x0000006145a00000) (1024K)]
  0x00000252fededbf0 JavaThread "Attach Listener"            daemon [_thread_blocked, id=18704, stack(0x0000006145a00000,0x0000006145b00000) (1024K)]
  0x00000252fedf6900 JavaThread "Service Thread"             daemon [_thread_blocked, id=11968, stack(0x0000006145b00000,0x0000006145c00000) (1024K)]
  0x00000252fedf8370 JavaThread "Monitor Deflation Thread"   daemon [_thread_blocked, id=19416, stack(0x0000006145c00000,0x0000006145d00000) (1024K)]
=>0x00000252fee03660 JavaThread "C2 CompilerThread0"         daemon [_thread_in_native, id=16336, stack(0x0000006145d00000,0x0000006145e00000) (1024K)]
  0x00000252fee05d40 JavaThread "C1 CompilerThread0"         daemon [_thread_blocked, id=16364, stack(0x0000006145e00000,0x0000006145f00000) (1024K)]
  0x00000252fedf9090 JavaThread "Common-Cleaner"             daemon [_thread_blocked, id=12664, stack(0x0000006145f00000,0x0000006146000000) (1024K)]
  0x00000252fedf9720 JavaThread "Monitor Ctrl-Break"         daemon [_thread_in_native, id=4572, stack(0x0000006146000000,0x0000006146100000) (1024K)]
  0x00000252fedfaad0 JavaThread "Notification Thread"        daemon [_thread_blocked, id=4592, stack(0x0000006146100000,0x0000006146200000) (1024K)]
  0x00000252c675c160 JavaThread "Catalina-utility-1"                [_thread_blocked, id=18248, stack(0x0000006146b00000,0x0000006146c00000) (1024K)]
  0x00000252c675d510 JavaThread "Catalina-utility-2"                [_thread_blocked, id=9512, stack(0x0000006146d00000,0x0000006146e00000) (1024K)]
  0x00000252c675f5e0 JavaThread "container-0"                       [_thread_blocked, id=10280, stack(0x0000006146e00000,0x0000006146f00000) (1024K)]
  0x00000252c675dba0 JavaThread "mysql-cj-abandoned-connection-cleanup" daemon [_thread_blocked, id=16496, stack(0x0000006146f00000,0x0000006147000000) (1024K)]
  0x00000252c675fc70 JavaThread "HikariPool-1 housekeeper"   daemon [_thread_blocked, id=7404, stack(0x0000006147000000,0x0000006147100000) (1024K)]
  0x00000252c74a0430 JavaThread "http-nio-8080-exec-1"       daemon [_thread_blocked, id=18856, stack(0x0000006147100000,0x0000006147200000) (1024K)]
  0x00000252c74a0ac0 JavaThread "http-nio-8080-exec-2"       daemon [_thread_blocked, id=13104, stack(0x0000006147300000,0x0000006147400000) (1024K)]
  0x00000252c749d640 JavaThread "http-nio-8080-exec-3"       daemon [_thread_blocked, id=12360, stack(0x0000006147400000,0x0000006147500000) (1024K)]
  0x00000252c74a1150 JavaThread "http-nio-8080-exec-4"       daemon [_thread_blocked, id=19584, stack(0x0000006147500000,0x0000006147600000) (1024K)]
  0x00000252c749dcd0 JavaThread "http-nio-8080-exec-5"       daemon [_thread_blocked, id=13748, stack(0x0000006147600000,0x0000006147700000) (1024K)]
  0x00000252c74a17e0 JavaThread "http-nio-8080-exec-6"       daemon [_thread_blocked, id=19104, stack(0x0000006147700000,0x0000006147800000) (1024K)]
  0x00000252c749e360 JavaThread "http-nio-8080-exec-7"       daemon [_thread_blocked, id=16192, stack(0x0000006147800000,0x0000006147900000) (1024K)]
  0x00000252c74a1e70 JavaThread "http-nio-8080-exec-8"       daemon [_thread_blocked, id=19340, stack(0x0000006147900000,0x0000006147a00000) (1024K)]
  0x00000252c749e9f0 JavaThread "http-nio-8080-exec-9"       daemon [_thread_blocked, id=14964, stack(0x0000006147a00000,0x0000006147b00000) (1024K)]
  0x00000252c74a2500 JavaThread "http-nio-8080-exec-10"      daemon [_thread_blocked, id=16652, stack(0x0000006147b00000,0x0000006147c00000) (1024K)]
  0x00000252c74a38b0 JavaThread "http-nio-8080-Poller"       daemon [_thread_in_native, id=1824, stack(0x0000006147c00000,0x0000006147d00000) (1024K)]
  0x00000252c74a2b90 JavaThread "http-nio-8080-Acceptor"     daemon [_thread_in_native, id=4052, stack(0x0000006147d00000,0x0000006147e00000) (1024K)]
  0x00000252c74a3220 JavaThread "DestroyJavaVM"                     [_thread_blocked, id=19988, stack(0x0000006144f00000,0x0000006145000000) (1024K)]
  0x00000252c7c462b0 JavaThread "HikariPool-1 connection closer" daemon [_thread_blocked, id=18740, stack(0x0000006144c00000,0x0000006144d00000) (1024K)]
  0x00000252c7c45590 JavaThread "HikariPool-1 connection adder" daemon [_thread_blocked, id=16112, stack(0x0000006144d00000,0x0000006144e00000) (1024K)]
Total: 31

Other Threads:
  0x00000252fedc66c0 VMThread "VM Thread"                           [id=20188, stack(0x0000006145600000,0x0000006145700000) (1024K)]
  0x00000252fedb2690 WatcherThread "VM Periodic Task Thread"        [id=796, stack(0x0000006145500000,0x0000006145600000) (1024K)]
  0x00000252e0db7480 WorkerThread "GC Thread#0"                     [id=2520, stack(0x0000006145000000,0x0000006145100000) (1024K)]
  0x00000252c5cf84d0 WorkerThread "GC Thread#1"                     [id=17416, stack(0x0000006146300000,0x0000006146400000) (1024K)]
  0x00000252c5cf8880 WorkerThread "GC Thread#2"                     [id=4216, stack(0x0000006146400000,0x0000006146500000) (1024K)]
  0x00000252c5cf8c30 WorkerThread "GC Thread#3"                     [id=10656, stack(0x0000006146500000,0x0000006146600000) (1024K)]
  0x00000252c5d2bec0 WorkerThread "GC Thread#4"                     [id=7792, stack(0x0000006146600000,0x0000006146700000) (1024K)]
  0x00000252c5d2c270 WorkerThread "GC Thread#5"                     [id=14644, stack(0x0000006146700000,0x0000006146800000) (1024K)]
  0x00000252c5d2c620 WorkerThread "GC Thread#6"                     [id=19136, stack(0x0000006146800000,0x0000006146900000) (1024K)]
  0x00000252c5fedd30 WorkerThread "GC Thread#7"                     [id=16592, stack(0x0000006146a00000,0x0000006146b00000) (1024K)]
  0x00000252e0dc70d0 ConcurrentGCThread "G1 Main Marker"            [id=18244, stack(0x0000006145100000,0x0000006145200000) (1024K)]
  0x00000252e0dc8a60 WorkerThread "G1 Conc#0"                       [id=16740, stack(0x0000006145200000,0x0000006145300000) (1024K)]
  0x00000252c5fee490 WorkerThread "G1 Conc#1"                       [id=4780, stack(0x0000006146c00000,0x0000006146d00000) (1024K)]
  0x00000252e0e1d850 ConcurrentGCThread "G1 Refine#0"               [id=14392, stack(0x0000006145300000,0x0000006145400000) (1024K)]
  0x00000252e0e1e170 ConcurrentGCThread "G1 Service"                [id=20436, stack(0x0000006145400000,0x0000006145500000) (1024K)]
Total: 15

Threads with active compile tasks:
C2 CompilerThread0  10638814 7307       4       sun.security.provider.DigestBase::engineDigest (112 bytes)
Total: 1

VM state: not at safepoint (normal execution)

VM Mutex/Monitor currently owned by a thread: None

Heap address: 0x0000000743a00000, size: 3014 MB, Compressed Oops mode: Zero based, Oop shift amount: 3

CDS archive(s) mapped at: [0x0000025280000000-0x0000025280d70000-0x0000025280d70000), size 14090240, SharedBaseAddress: 0x0000025280000000, ArchiveRelocationMode: 1.
Compressed class space mapped at: 0x0000025281000000-0x00000252c1000000, reserved size: 1073741824
Narrow klass base: 0x0000025280000000, Narrow klass shift: 0, Narrow klass range: 0x41000000

GC Precious Log:
 CardTable entry size: 512
 Card Set container configuration: InlinePtr #cards 4 size 8 Array Of Cards #cards 16 size 48 Howl #buckets 8 coarsen threshold 3686 Howl Bitmap #cards 512 size 80 coarsen threshold 460 Card regions per heap region 1 cards per card region 4096
 CPUs: 8 total, 8 available
 Memory: 12054M
 Large Page Support: Disabled
 NUMA Support: Disabled
 Compressed Oops: Enabled (Zero based)
 Heap Region Size: 2M
 Heap Min Capacity: 8M
 Heap Initial Capacity: 190M
 Heap Max Capacity: 3014M
 Pre-touch: Disabled
 Parallel Workers: 8
 Concurrent Workers: 2
 Concurrent Refinement Workers: 8
 Periodic GC: Disabled

Heap:
 garbage-first heap   total reserved 3086336K, committed 55296K, used 34518K [0x0000000743a00000, 0x0000000800000000)
  region size 2048K, 4 young (8192K), 2 survivors (4096K)
 Metaspace       used 73618K, committed 74368K, reserved 1114112K
  class space    used 10203K, committed 10560K, reserved 1048576K

Heap Regions: E=young(eden), S=young(survivor), O=old, HS=humongous(starts), HC=humongous(continues), CS=collection set, F=free, TAMS=top-at-mark-start, PB=parsable bottom
|   0|0x0000000743a00000, 0x0000000743c00000, 0x0000000743c00000|100%| O|  |TAMS 0x0000000743a00000| PB 0x0000000743a00000| Untracked |  0
|   1|0x0000000743c00000, 0x0000000743e00000, 0x0000000743e00000|100%| O|  |TAMS 0x0000000743c00000| PB 0x0000000743c00000| Untracked |  0
|   2|0x0000000743e00000, 0x0000000744000000, 0x0000000744000000|100%| O|  |TAMS 0x0000000743e00000| PB 0x0000000743e00000| Untracked |  0
|   3|0x0000000744000000, 0x00000007441f19e8, 0x0000000744200000| 97%| O|  |TAMS 0x0000000744000000| PB 0x0000000744000000| Untracked |  0
|   4|0x0000000744200000, 0x0000000744400000, 0x0000000744400000|100%| O|  |TAMS 0x0000000744200000| PB 0x0000000744200000| Untracked |  0
|   5|0x0000000744400000, 0x0000000744600000, 0x0000000744600000|100%| O|  |TAMS 0x0000000744400000| PB 0x0000000744400000| Untracked |  0
|   6|0x0000000744600000, 0x0000000744800000, 0x0000000744800000|100%| O|  |TAMS 0x0000000744600000| PB 0x0000000744600000| Untracked |  0
|   7|0x0000000744800000, 0x0000000744a00000, 0x0000000744a00000|100%| O|  |TAMS 0x0000000744800000| PB 0x0000000744800000| Untracked |  0
|   8|0x0000000744a00000, 0x0000000744c00000, 0x0000000744c00000|100%| O|  |TAMS 0x0000000744a00000| PB 0x0000000744a00000| Untracked |  0
|   9|0x0000000744c00000, 0x0000000744e00000, 0x0000000744e00000|100%| O|  |TAMS 0x0000000744c00000| PB 0x0000000744c00000| Untracked |  0
|  10|0x0000000744e00000, 0x0000000745000000, 0x0000000745000000|100%| O|  |TAMS 0x0000000744e00000| PB 0x0000000744e00000| Untracked |  0
|  11|0x0000000745000000, 0x0000000745200000, 0x0000000745200000|100%| O|  |TAMS 0x0000000745000000| PB 0x0000000745000000| Untracked |  0
|  12|0x0000000745200000, 0x0000000745400000, 0x0000000745400000|100%| O|  |TAMS 0x0000000745200000| PB 0x0000000745200000| Untracked |  0
|  13|0x0000000745400000, 0x0000000745600000, 0x0000000745600000|100%| O|  |TAMS 0x0000000745400000| PB 0x0000000745400000| Untracked |  0
|  14|0x0000000745600000, 0x00000007457b5908, 0x0000000745800000| 85%| O|  |TAMS 0x0000000745600000| PB 0x0000000745600000| Untracked |  0
|  15|0x0000000745800000, 0x0000000745800000, 0x0000000745a00000|  0%| F|  |TAMS 0x0000000745800000| PB 0x0000000745800000| Untracked |  0
|  16|0x0000000745a00000, 0x0000000745a0e530, 0x0000000745c00000|  2%| S|CS|TAMS 0x0000000745a00000| PB 0x0000000745a00000| Complete |  0
|  17|0x0000000745c00000, 0x0000000745e00000, 0x0000000745e00000|100%| S|CS|TAMS 0x0000000745c00000| PB 0x0000000745c00000| Complete |  0
|  18|0x0000000745e00000, 0x0000000745e00000, 0x0000000746000000|  0%| F|  |TAMS 0x0000000745e00000| PB 0x0000000745e00000| Untracked |  0
|  19|0x0000000746000000, 0x0000000746000000, 0x0000000746200000|  0%| F|  |TAMS 0x0000000746000000| PB 0x0000000746000000| Untracked |  0
|  20|0x0000000746200000, 0x0000000746200000, 0x0000000746400000|  0%| F|  |TAMS 0x0000000746200000| PB 0x0000000746200000| Untracked |  0
|  21|0x0000000746400000, 0x0000000746400000, 0x0000000746600000|  0%| F|  |TAMS 0x0000000746400000| PB 0x0000000746400000| Untracked |  0
|  22|0x0000000746600000, 0x0000000746600000, 0x0000000746800000|  0%| F|  |TAMS 0x0000000746600000| PB 0x0000000746600000| Untracked |  0
|  71|0x000000074c800000, 0x000000074c800000, 0x000000074ca00000|  0%| F|  |TAMS 0x000000074c800000| PB 0x000000074c800000| Untracked |  0
|  72|0x000000074ca00000, 0x000000074ca00000, 0x000000074cc00000|  0%| F|  |TAMS 0x000000074ca00000| PB 0x000000074ca00000| Untracked |  0
|  73|0x000000074cc00000, 0x000000074cd5c350, 0x000000074ce00000| 68%| E|  |TAMS 0x000000074cc00000| PB 0x000000074cc00000| Complete |  0
|  94|0x000000074f600000, 0x000000074f800000, 0x000000074f800000|100%| E|CS|TAMS 0x000000074f600000| PB 0x000000074f600000| Complete |  0

Card table byte_map: [0x00000252f8ec0000,0x00000252f94b0000] _byte_map_base: 0x00000252f54a3000

Marking Bits: (CMBitMap*) 0x00000252e0db7b90
 Bits: [0x00000252f94b0000, 0x00000252fc3c8000)

Polling page: 0x00000252e0350000

Metaspace:

Usage:
  Non-class:     61.93 MB used.
      Class:      9.96 MB used.
       Both:     71.89 MB used.

Virtual space:
  Non-class space:       64.00 MB reserved,      62.31 MB ( 97%) committed,  1 nodes.
      Class space:        1.00 GB reserved,      10.31 MB (  1%) committed,  1 nodes.
             Both:        1.06 GB reserved,      72.62 MB (  7%) committed. 

Chunk freelists:
   Non-Class:  1.30 MB
       Class:  5.56 MB
        Both:  6.86 MB

MaxMetaspaceSize: unlimited
CompressedClassSpaceSize: 1.00 GB
Initial GC threshold: 21.00 MB
Current GC threshold: 117.44 MB
CDS: on
 - commit_granule_bytes: 65536.
 - commit_granule_words: 8192.
 - virtual_space_node_default_size: 8388608.
 - enlarge_chunks_in_place: 1.
 - use_allocation_guard: 0.


Internal statistics:

num_allocs_failed_limit: 6.
num_arena_births: 940.
num_arena_deaths: 0.
num_vsnodes_births: 2.
num_vsnodes_deaths: 0.
num_space_committed: 1162.
num_space_uncommitted: 0.
num_chunks_returned_to_freelist: 6.
num_chunks_taken_from_freelist: 3437.
num_chunk_merges: 6.
num_chunk_splits: 2477.
num_chunks_enlarged: 1935.
num_inconsistent_stats: 0.

CodeHeap 'non-profiled nmethods': size=120064Kb used=3205Kb max_used=3205Kb free=116858Kb
 bounds [0x00000252f0f50000, 0x00000252f1280000, 0x00000252f8490000]
CodeHeap 'profiled nmethods': size=120000Kb used=9359Kb max_used=9359Kb free=110640Kb
 bounds [0x00000252e9490000, 0x00000252e9dc0000, 0x00000252f09c0000]
CodeHeap 'non-nmethods': size=5696Kb used=1897Kb max_used=1948Kb free=3798Kb
 bounds [0x00000252f09c0000, 0x00000252f0c30000, 0x00000252f0f50000]
CodeCache: size=245760Kb, used=14461Kb, max_used=14512Kb, free=231296Kb
 total_blobs=7029, nmethods=6268, adapters=666, full_count=0
Compilation: enabled, stopped_count=0, restarted_count=0

Compilation events (20 events):
Event: 10601.887 Thread 0x00000252fee05d40 nmethod 7300 0x00000252e9dacc88 code [0x00000252e9dacdc0, 0x00000252e9dacf28]
Event: 10636.542 Thread 0x00000252fee05d40 7301       3       java.util.concurrent.atomic.AtomicLong::compareAndSet (13 bytes)
Event: 10636.543 Thread 0x00000252fee05d40 nmethod 7301 0x00000252e9dacf88 code [0x00000252e9dad0a0, 0x00000252e9dad1c8]
Event: 10636.548 Thread 0x00000252fee05d40 7302       1       java.net.InetSocketAddress$InetSocketAddressHolder::getAddress (5 bytes)
Event: 10636.548 Thread 0x00000252fee05d40 nmethod 7302 0x00000252f1270c08 code [0x00000252f1270d20, 0x00000252f1270df0]
Event: 10636.549 Thread 0x00000252fee05d40 7303       3       sun.nio.ch.NioSocketImpl::isOpen (14 bytes)
Event: 10636.549 Thread 0x00000252fee05d40 nmethod 7303 0x00000252e9dad288 code [0x00000252e9dad3a0, 0x00000252e9dad500]
Event: 10636.550 Thread 0x00000252fee05d40 7304       3       java.nio.ByteBuffer::<init> (14 bytes)
Event: 10636.551 Thread 0x00000252fee05d40 nmethod 7304 0x00000252e9dad588 code [0x00000252e9dad6a0, 0x00000252e9dad7f0]
Event: 10636.551 Thread 0x00000252fee05d40 7305       3       java.nio.MappedByteBuffer::limit (6 bytes)
Event: 10636.551 Thread 0x00000252fee05d40 nmethod 7305 0x00000252e9dad888 code [0x00000252e9dad9c0, 0x00000252e9dadbd0]
Event: 10636.566 Thread 0x00000252fee03660 7306       4       java.util.LinkedList::add (7 bytes)
Event: 10636.568 Thread 0x00000252fee05d40 7308   !   3       javax.crypto.Cipher::getInstance (237 bytes)
Event: 10636.575 Thread 0x00000252fee05d40 nmethod 7308 0x00000252e9dadc08 code [0x00000252e9dae060, 0x00000252e9db05e0]
Event: 10636.575 Thread 0x00000252fee03660 nmethod 7306 0x00000252f1270f08 code [0x00000252f1271020, 0x00000252f12713e8]
Event: 10636.575 Thread 0x00000252fee05d40 7309       3       javax.crypto.Cipher::getTransforms (210 bytes)
Event: 10636.576 Thread 0x00000252fee03660 7307       4       sun.security.provider.DigestBase::engineDigest (112 bytes)
Event: 10636.581 Thread 0x00000252fee05d40 nmethod 7309 0x00000252e9db0708 code [0x00000252e9db0ba0, 0x00000252e9db3438]
Event: 10636.581 Thread 0x00000252fee05d40 7310       3       sun.security.jca.GetInstance::getServices (10 bytes)
Event: 10636.582 Thread 0x00000252fee05d40 nmethod 7310 0x00000252e9db3508 code [0x00000252e9db3680, 0x00000252e9db3c38]

GC Heap History (20 events):
Event: 9.665 GC heap before
{Heap before GC invocations=10 (full 0):
 garbage-first heap   total reserved 3086336K, committed 49152K, used 37374K [0x0000000743a00000, 0x0000000800000000)
  region size 2048K, 10 young (20480K), 2 survivors (4096K)
 Metaspace       used 47884K, committed 48448K, reserved 1114112K
  class space    used 6467K, committed 6720K, reserved 1048576K
}
Event: 9.679 GC heap after
{Heap after GC invocations=11 (full 0):
 garbage-first heap   total reserved 3086336K, committed 49152K, used 22760K [0x0000000743a00000, 0x0000000800000000)
  region size 2048K, 2 young (4096K), 2 survivors (4096K)
 Metaspace       used 47884K, committed 48448K, reserved 1114112K
  class space    used 6467K, committed 6720K, reserved 1048576K
}
Event: 10.955 GC heap before
{Heap before GC invocations=11 (full 0):
 garbage-first heap   total reserved 3086336K, committed 49152K, used 39144K [0x0000000743a00000, 0x0000000800000000)
  region size 2048K, 10 young (20480K), 2 survivors (4096K)
 Metaspace       used 51615K, committed 52224K, reserved 1114112K
  class space    used 6949K, committed 7232K, reserved 1048576K
}
Event: 10.964 GC heap after
{Heap after GC invocations=12 (full 0):
 garbage-first heap   total reserved 3086336K, committed 49152K, used 24087K [0x0000000743a00000, 0x0000000800000000)
  region size 2048K, 1 young (2048K), 1 survivors (2048K)
 Metaspace       used 51615K, committed 52224K, reserved 1114112K
  class space    used 6949K, committed 7232K, reserved 1048576K
}
Event: 12.302 GC heap before
{Heap before GC invocations=12 (full 0):
 garbage-first heap   total reserved 3086336K, committed 49152K, used 38423K [0x0000000743a00000, 0x0000000800000000)
  region size 2048K, 9 young (18432K), 1 survivors (2048K)
 Metaspace       used 57324K, committed 57856K, reserved 1114112K
  class space    used 7882K, committed 8128K, reserved 1048576K
}
Event: 12.310 GC heap after
{Heap after GC invocations=13 (full 0):
 garbage-first heap   total reserved 3086336K, committed 49152K, used 24595K [0x0000000743a00000, 0x0000000800000000)
  region size 2048K, 1 young (2048K), 1 survivors (2048K)
 Metaspace       used 57324K, committed 57856K, reserved 1114112K
  class space    used 7882K, committed 8128K, reserved 1048576K
}
Event: 13.370 GC heap before
{Heap before GC invocations=14 (full 0):
 garbage-first heap   total reserved 3086336K, committed 49152K, used 38931K [0x0000000743a00000, 0x0000000800000000)
  region size 2048K, 9 young (18432K), 1 survivors (2048K)
 Metaspace       used 61269K, committed 61888K, reserved 1114112K
  class space    used 8489K, committed 8768K, reserved 1048576K
}
Event: 13.373 GC heap after
{Heap after GC invocations=15 (full 0):
 garbage-first heap   total reserved 3086336K, committed 49152K, used 25983K [0x0000000743a00000, 0x0000000800000000)
  region size 2048K, 2 young (4096K), 2 survivors (4096K)
 Metaspace       used 61269K, committed 61888K, reserved 1114112K
  class space    used 8489K, committed 8768K, reserved 1048576K
}
Event: 13.849 GC heap before
{Heap before GC invocations=15 (full 0):
 garbage-first heap   total reserved 3086336K, committed 49152K, used 36223K [0x0000000743a00000, 0x0000000800000000)
  region size 2048K, 8 young (16384K), 2 survivors (4096K)
 Metaspace       used 63869K, committed 64448K, reserved 1114112K
  class space    used 8851K, committed 9088K, reserved 1048576K
}
Event: 13.855 GC heap after
{Heap after GC invocations=16 (full 0):
 garbage-first heap   total reserved 3086336K, committed 49152K, used 26498K [0x0000000743a00000, 0x0000000800000000)
  region size 2048K, 1 young (2048K), 1 survivors (2048K)
 Metaspace       used 63869K, committed 64448K, reserved 1114112K
  class space    used 8851K, committed 9088K, reserved 1048576K
}
Event: 14.413 GC heap before
{Heap before GC invocations=16 (full 0):
 garbage-first heap   total reserved 3086336K, committed 49152K, used 38786K [0x0000000743a00000, 0x0000000800000000)
  region size 2048K, 8 young (16384K), 1 survivors (2048K)
 Metaspace       used 65919K, committed 66560K, reserved 1114112K
  class space    used 9147K, committed 9408K, reserved 1048576K
}
Event: 14.417 GC heap after
{Heap after GC invocations=17 (full 0):
 garbage-first heap   total reserved 3086336K, committed 49152K, used 28229K [0x0000000743a00000, 0x0000000800000000)
  region size 2048K, 1 young (2048K), 1 survivors (2048K)
 Metaspace       used 65919K, committed 66560K, reserved 1114112K
  class space    used 9147K, committed 9408K, reserved 1048576K
}
Event: 15.016 GC heap before
{Heap before GC invocations=18 (full 0):
 garbage-first heap   total reserved 3086336K, committed 49152K, used 42565K [0x0000000743a00000, 0x0000000800000000)
  region size 2048K, 8 young (16384K), 1 survivors (2048K)
 Metaspace       used 67931K, committed 68544K, reserved 1114112K
  class space    used 9473K, committed 9728K, reserved 1048576K
}
Event: 15.023 GC heap after
{Heap after GC invocations=19 (full 0):
 garbage-first heap   total reserved 3086336K, committed 49152K, used 29786K [0x0000000743a00000, 0x0000000800000000)
  region size 2048K, 1 young (2048K), 1 survivors (2048K)
 Metaspace       used 67931K, committed 68544K, reserved 1114112K
  class space    used 9473K, committed 9728K, reserved 1048576K
}
Event: 40.535 GC heap before
{Heap before GC invocations=19 (full 0):
 garbage-first heap   total reserved 3086336K, committed 49152K, used 40026K [0x0000000743a00000, 0x0000000800000000)
  region size 2048K, 7 young (14336K), 1 survivors (2048K)
 Metaspace       used 70989K, committed 71680K, reserved 1114112K
  class space    used 9924K, committed 10240K, reserved 1048576K
}
Event: 40.549 GC heap after
{Heap after GC invocations=20 (full 0):
 garbage-first heap   total reserved 3086336K, committed 49152K, used 31082K [0x0000000743a00000, 0x0000000800000000)
  region size 2048K, 1 young (2048K), 1 survivors (2048K)
 Metaspace       used 70989K, committed 71680K, reserved 1114112K
  class space    used 9924K, committed 10240K, reserved 1048576K
}
Event: 1805.845 GC heap before
{Heap before GC invocations=21 (full 0):
 garbage-first heap   total reserved 3086336K, committed 55296K, used 41322K [0x0000000743a00000, 0x0000000800000000)
  region size 2048K, 6 young (12288K), 1 survivors (2048K)
 Metaspace       used 73308K, committed 74048K, reserved 1114112K
  class space    used 10203K, committed 10560K, reserved 1048576K
}
Event: 1805.856 GC heap after
{Heap after GC invocations=22 (full 0):
 garbage-first heap   total reserved 3086336K, committed 55296K, used 31579K [0x0000000743a00000, 0x0000000800000000)
  region size 2048K, 1 young (2048K), 1 survivors (2048K)
 Metaspace       used 73308K, committed 74048K, reserved 1114112K
  class space    used 10203K, committed 10560K, reserved 1048576K
}
Event: 8890.380 GC heap before
{Heap before GC invocations=22 (full 0):
 garbage-first heap   total reserved 3086336K, committed 55296K, used 45915K [0x0000000743a00000, 0x0000000800000000)
  region size 2048K, 9 young (18432K), 1 survivors (2048K)
 Metaspace       used 73589K, committed 74368K, reserved 1114112K
  class space    used 10203K, committed 10560K, reserved 1048576K
}
Event: 8890.390 GC heap after
{Heap after GC invocations=23 (full 0):
 garbage-first heap   total reserved 3086336K, committed 55296K, used 32470K [0x0000000743a00000, 0x0000000800000000)
  region size 2048K, 2 young (4096K), 2 survivors (4096K)
 Metaspace       used 73589K, committed 74368K, reserved 1114112K
  class space    used 10203K, committed 10560K, reserved 1048576K
}

Dll operation events (14 events):
Event: 0.021 Loaded shared library C:\Users\sraje\.jdks\openjdk-23.0.2\bin\java.dll
Event: 0.072 Loaded shared library C:\Users\sraje\.jdks\openjdk-23.0.2\bin\jsvml.dll
Event: 0.233 Loaded shared library C:\Users\sraje\.jdks\openjdk-23.0.2\bin\zip.dll
Event: 0.240 Loaded shared library C:\Users\sraje\.jdks\openjdk-23.0.2\bin\instrument.dll
Event: 0.248 Loaded shared library C:\Users\sraje\.jdks\openjdk-23.0.2\bin\net.dll
Event: 0.252 Loaded shared library C:\Users\sraje\.jdks\openjdk-23.0.2\bin\nio.dll
Event: 0.257 Loaded shared library C:\Users\sraje\.jdks\openjdk-23.0.2\bin\zip.dll
Event: 0.388 Loaded shared library C:\Program Files\JetBrains\IntelliJ IDEA Community Edition 2024.3.2\bin\breakgen64.dll
Event: 0.405 Loaded shared library C:\Users\sraje\.jdks\openjdk-23.0.2\bin\extnet.dll
Event: 0.464 Loaded shared library C:\Users\sraje\.jdks\openjdk-23.0.2\bin\jimage.dll
Event: 3.406 Loaded shared library C:\Users\sraje\.jdks\openjdk-23.0.2\bin\sunmscapi.dll
Event: 5.942 Loaded shared library C:\Users\sraje\.jdks\openjdk-23.0.2\bin\management.dll
Event: 5.945 Loaded shared library C:\Users\sraje\.jdks\openjdk-23.0.2\bin\management_ext.dll
Event: 7.105 Loaded shared library C:\Users\sraje\.jdks\openjdk-23.0.2\bin\verify.dll

Deoptimization events (20 events):
Event: 8850.873 Thread 0x00000252c7c462b0 DEOPT PACKING pc=0x00000252f1269aac sp=0x0000006144dfdbd0
Event: 8850.873 Thread 0x00000252c7c462b0 DEOPT UNPACKING pc=0x00000252f0a17982 sp=0x0000006144dfdb40 mode 2
Event: 8866.446 Thread 0x00000252c7c48a10 Uncommon trap: trap_request=0xffffffbe fr.pc=0x00000252f1269aac relative=0x00000000000000ac
Event: 8866.446 Thread 0x00000252c7c48a10 Uncommon trap: reason=profile_predicate action=maybe_recompile pc=0x00000252f1269aac method=java.math.BigInteger.longValue()J @ 5 c2
Event: 8866.446 Thread 0x00000252c7c48a10 DEOPT PACKING pc=0x00000252f1269aac sp=0x0000006144dfdc30
Event: 8866.446 Thread 0x00000252c7c48a10 DEOPT UNPACKING pc=0x00000252f0a17982 sp=0x0000006144dfdba0 mode 2
Event: 8866.446 Thread 0x00000252c7c48a10 Uncommon trap: trap_request=0xffffffbe fr.pc=0x00000252f1269aac relative=0x00000000000000ac
Event: 8866.446 Thread 0x00000252c7c48a10 Uncommon trap: reason=profile_predicate action=maybe_recompile pc=0x00000252f1269aac method=java.math.BigInteger.longValue()J @ 5 c2
Event: 8866.446 Thread 0x00000252c7c48a10 DEOPT PACKING pc=0x00000252f1269aac sp=0x0000006144dfdc30
Event: 8866.446 Thread 0x00000252c7c48a10 DEOPT UNPACKING pc=0x00000252f0a17982 sp=0x0000006144dfdba0 mode 2
Event: 8866.446 Thread 0x00000252c7c48a10 Uncommon trap: trap_request=0xffffffbe fr.pc=0x00000252f1269aac relative=0x00000000000000ac
Event: 8866.446 Thread 0x00000252c7c48a10 Uncommon trap: reason=profile_predicate action=maybe_recompile pc=0x00000252f1269aac method=java.math.BigInteger.longValue()J @ 5 c2
Event: 8866.447 Thread 0x00000252c7c48a10 DEOPT PACKING pc=0x00000252f1269aac sp=0x0000006144dfdc30
Event: 8866.447 Thread 0x00000252c7c48a10 DEOPT UNPACKING pc=0x00000252f0a17982 sp=0x0000006144dfdba0 mode 2
Event: 8939.918 Thread 0x00000252c7c45590 DEOPT PACKING pc=0x00000252e9b8b1be sp=0x0000006144dfd960
Event: 8939.918 Thread 0x00000252c7c45590 DEOPT UNPACKING pc=0x00000252f0a184c2 sp=0x0000006144dfcdb8 mode 0
Event: 8941.146 Thread 0x00000252c7c45590 Uncommon trap: trap_request=0xffffffdc fr.pc=0x00000252f126fcd8 relative=0x0000000000000238
Event: 8941.146 Thread 0x00000252c7c45590 Uncommon trap: reason=class_check action=make_not_entrant pc=0x00000252f126fcd8 method=java.util.ArrayList.toArray([Ljava/lang/Object;)[Ljava/lang/Object; @ 21 c2
Event: 8941.146 Thread 0x00000252c7c45590 DEOPT PACKING pc=0x00000252f126fcd8 sp=0x0000006144dfe5a0
Event: 8941.146 Thread 0x00000252c7c45590 DEOPT UNPACKING pc=0x00000252f0a17982 sp=0x0000006144dfe560 mode 2

Classes loaded (20 events):
Event: 40.931 Loading class java/time/format/DateTimeFormatterBuilder$ZoneTextPrinterParser
Event: 40.932 Loading class java/time/format/DateTimeFormatterBuilder$ZoneTextPrinterParser done
Event: 40.932 Loading class java/time/format/DateTimeFormatterBuilder$ReducedPrinterParser
Event: 40.933 Loading class java/time/format/DateTimeFormatterBuilder$ReducedPrinterParser done
Event: 41.047 Loading class java/util/stream/LongStream
Event: 41.048 Loading class java/util/stream/LongStream done
Event: 41.048 Loading class java/util/stream/DoubleStream
Event: 41.049 Loading class java/util/stream/DoubleStream done
Event: 41.097 Loading class org/w3c/dom/Node
Event: 41.098 Loading class org/w3c/dom/Node done
Event: 41.098 Loading class org/w3c/dom/Document
Event: 41.098 Loading class org/w3c/dom/Document done
Event: 1775.742 Loading class sun/security/ssl/Alert
Event: 1775.743 Loading class sun/security/ssl/Alert done
Event: 1775.744 Loading class sun/security/ssl/Alert$AlertConsumer
Event: 1775.745 Loading class sun/security/ssl/Alert$AlertConsumer done
Event: 1775.745 Loading class sun/security/ssl/Alert$Level
Event: 1775.745 Loading class sun/security/ssl/Alert$Level done
Event: 1775.748 Loading class sun/net/ConnectionResetException
Event: 1775.748 Loading class sun/net/ConnectionResetException done

Classes unloaded (0 events):
No events

Classes redefined (0 events):
No events

Internal exceptions (20 events):
Event: 5371.060 Thread 0x00000252c74a45d0 Exception <a 'java/io/IOException'{0x0000000746651990}> (0x0000000746651990) 
thrown [s\open\src\hotspot\share\prims\jni.cpp, line 520]
Event: 5371.060 Thread 0x00000252c74a45d0 Exception <a 'java/io/IOException'{0x00000007466525f8}> (0x00000007466525f8) 
thrown [s\open\src\hotspot\share\prims\jni.cpp, line 520]
Event: 5374.157 Thread 0x00000252c74a45d0 Exception <a 'java/io/IOException'{0x0000000746654790}> (0x0000000746654790) 
thrown [s\open\src\hotspot\share\prims\jni.cpp, line 520]
Event: 5374.221 Thread 0x00000252c74a45d0 Exception <a 'java/io/IOException'{0x00000007466567d8}> (0x00000007466567d8) 
thrown [s\open\src\hotspot\share\prims\jni.cpp, line 520]
Event: 5374.221 Thread 0x00000252c74a45d0 Exception <a 'java/io/IOException'{0x0000000746657440}> (0x0000000746657440) 
thrown [s\open\src\hotspot\share\prims\jni.cpp, line 520]
Event: 5392.149 Thread 0x00000252c675c160 Implicit null exception at 0x00000252f124f724 to 0x00000252f124f9f0
Event: 5393.147 Thread 0x00000252c675d510 Implicit null exception at 0x00000252f124f724 to 0x00000252f124f9f0
Event: 5394.146 Thread 0x00000252c675d510 Implicit null exception at 0x00000252f124f724 to 0x00000252f124f9f0
Event: 5395.144 Thread 0x00000252c675d510 Implicit null exception at 0x00000252f124f724 to 0x00000252f124f9f0
Event: 5396.141 Thread 0x00000252c675d510 Implicit null exception at 0x00000252f124fca1 to 0x00000252f124ff5c
Event: 7074.561 Thread 0x00000252c74a45d0 Exception <a 'java/io/IOException'{0x00000007467ed580}> (0x00000007467ed580) 
thrown [s\open\src\hotspot\share\prims\jni.cpp, line 520]
Event: 7077.609 Thread 0x00000252c74a45d0 Exception <a 'java/io/IOException'{0x00000007467ef718}> (0x00000007467ef718) 
thrown [s\open\src\hotspot\share\prims\jni.cpp, line 520]
Event: 7090.581 Thread 0x00000252c74a45d0 Exception <a 'java/net/SocketException'{0x00000007462b2318}: Connection reset by peer: shutdown> (0x00000007462b2318) 
thrown [s\open\src\hotspot\share\prims\jni.cpp, line 539]
Event: 7134.358 Thread 0x00000252c74a45d0 Exception <a 'java/io/IOException'{0x0000000746056f78}> (0x0000000746056f78) 
thrown [s\open\src\hotspot\share\prims\jni.cpp, line 520]
Event: 8890.379 Thread 0x00000252c7c45590 Exception <a 'java/net/SocketException'{0x0000000745fff810}: Connection reset by peer: shutdown> (0x0000000745fff810) 
thrown [s\open\src\hotspot\share\prims\jni.cpp, line 539]
Event: 8939.563 Thread 0x00000252c7c48a10 Exception <a 'java/io/IOException'{0x000000074f754098}> (0x000000074f754098) 
thrown [s\open\src\hotspot\share\prims\jni.cpp, line 520]
Event: 8939.908 Thread 0x00000252c7c48a10 Exception <a 'java/io/IOException'{0x000000074f756510}> (0x000000074f756510) 
thrown [s\open\src\hotspot\share\prims\jni.cpp, line 520]
Event: 8939.909 Thread 0x00000252c7c48a10 Exception <a 'java/io/IOException'{0x000000074f7572c0}> (0x000000074f7572c0) 
thrown [s\open\src\hotspot\share\prims\jni.cpp, line 520]
Event: 8941.135 Thread 0x00000252c7c48a10 Exception <a 'java/io/IOException'{0x000000074f759308}> (0x000000074f759308) 
thrown [s\open\src\hotspot\share\prims\jni.cpp, line 520]
Event: 8941.136 Thread 0x00000252c7c48a10 Exception <a 'java/io/IOException'{0x000000074cc1c260}> (0x000000074cc1c260) 
thrown [s\open\src\hotspot\share\prims\jni.cpp, line 520]

VM Operations (20 events):
Event: 40.041 Executing VM operation: HandshakeAllThreads (Deoptimize)
Event: 40.041 Executing VM operation: HandshakeAllThreads (Deoptimize) done
Event: 40.535 Executing VM operation: G1CollectForAllocation (G1 Evacuation Pause)
Event: 40.549 Executing VM operation: G1CollectForAllocation (G1 Evacuation Pause) done
Event: 40.622 Executing VM operation: G1PauseRemark
Event: 40.631 Executing VM operation: G1PauseRemark done
Event: 40.659 Executing VM operation: G1PauseCleanup
Event: 40.659 Executing VM operation: G1PauseCleanup done
Event: 40.912 Executing VM operation: HandshakeAllThreads (Deoptimize)
Event: 40.912 Executing VM operation: HandshakeAllThreads (Deoptimize) done
Event: 41.063 Executing VM operation: HandshakeAllThreads (Deoptimize)
Event: 41.063 Executing VM operation: HandshakeAllThreads (Deoptimize) done
Event: 60.263 Executing VM operation: HandshakeAllThreads (HandshakeForDeflation)
Event: 60.263 Executing VM operation: HandshakeAllThreads (HandshakeForDeflation) done
Event: 60.263 Executing VM operation: RendezvousGCThreads
Event: 60.263 Executing VM operation: RendezvousGCThreads done
Event: 1805.844 Executing VM operation: G1CollectForAllocation (G1 Evacuation Pause)
Event: 1805.857 Executing VM operation: G1CollectForAllocation (G1 Evacuation Pause) done
Event: 8890.380 Executing VM operation: G1CollectForAllocation (G1 Evacuation Pause)
Event: 8890.390 Executing VM operation: G1CollectForAllocation (G1 Evacuation Pause) done

Memory protections (0 events):
No events

Nmethod flushes (20 events):
Event: 40.629 Thread 0x00000252fedc66c0 flushing  nmethod 0x00000252e95df708
Event: 40.629 Thread 0x00000252fedc66c0 flushing  nmethod 0x00000252e9639c88
Event: 40.629 Thread 0x00000252fedc66c0 flushing  nmethod 0x00000252e9689488
Event: 40.629 Thread 0x00000252fedc66c0 flushing  nmethod 0x00000252e971ef88
Event: 40.629 Thread 0x00000252fedc66c0 flushing  nmethod 0x00000252e9720188
Event: 40.629 Thread 0x00000252fedc66c0 flushing  nmethod 0x00000252e9721a08
Event: 40.629 Thread 0x00000252fedc66c0 flushing  nmethod 0x00000252e978e108
Event: 40.629 Thread 0x00000252fedc66c0 flushing  nmethod 0x00000252e978e688
Event: 40.629 Thread 0x00000252fedc66c0 flushing  nmethod 0x00000252e97d9808
Event: 40.629 Thread 0x00000252fedc66c0 flushing  nmethod 0x00000252e97ec808
Event: 40.629 Thread 0x00000252fedc66c0 flushing  nmethod 0x00000252e97ece88
Event: 40.629 Thread 0x00000252fedc66c0 flushing  nmethod 0x00000252e9892208
Event: 40.629 Thread 0x00000252fedc66c0 flushing osr nmethod 0x00000252e98cbc08
Event: 40.629 Thread 0x00000252fedc66c0 flushing  nmethod 0x00000252e9937a88
Event: 40.629 Thread 0x00000252fedc66c0 flushing  nmethod 0x00000252e9983308
Event: 40.629 Thread 0x00000252fedc66c0 flushing  nmethod 0x00000252e998b408
Event: 40.629 Thread 0x00000252fedc66c0 flushing  nmethod 0x00000252e9a7e988
Event: 40.629 Thread 0x00000252fedc66c0 flushing  nmethod 0x00000252e9aaec08
Event: 40.629 Thread 0x00000252fedc66c0 flushing  nmethod 0x00000252e9abca08
Event: 40.629 Thread 0x00000252fedc66c0 flushing  nmethod 0x00000252e9aca208

Events (20 events):
Event: 8877.704 Thread 0x00000252c7c45590 Thread exited: 0x00000252c7c45590
Event: 8877.782 Thread 0x00000252c7c47660 Thread exited: 0x00000252c7c47660
Event: 8890.376 Thread 0x00000252c675fc70 Thread added: 0x00000252c7c45590
Event: 8890.379 Thread 0x00000252c7c45590 Thread added: 0x00000252c7c490a0
Event: 8895.395 Thread 0x00000252c7c45590 Thread exited: 0x00000252c7c45590
Event: 8895.473 Thread 0x00000252c7c490a0 Thread exited: 0x00000252c7c490a0
Event: 8896.598 Thread 0x00000252c675fc70 Thread added: 0x00000252c7c48a10
Event: 8896.600 Thread 0x00000252c7c48a10 Thread added: 0x00000252c7c47cf0
Event: 8901.612 Thread 0x00000252c7c48a10 Thread exited: 0x00000252c7c48a10
Event: 8901.676 Thread 0x00000252c7c47cf0 Thread exited: 0x00000252c7c47cf0
Event: 8913.969 Thread 0x00000252c675fc70 Thread added: 0x00000252c7c45c20
Event: 8913.972 Thread 0x00000252c7c45c20 Thread added: 0x00000252c7c45590
Event: 8918.976 Thread 0x00000252c7c45c20 Thread exited: 0x00000252c7c45c20
Event: 8919.038 Thread 0x00000252c7c45590 Thread exited: 0x00000252c7c45590
Event: 8939.560 Thread 0x00000252c675fc70 Thread added: 0x00000252c7c48a10
Event: 8939.565 Thread 0x00000252c7c48a10 Thread added: 0x00000252c7c45590
Event: 8946.142 Thread 0x00000252c7c48a10 Thread exited: 0x00000252c7c48a10
Event: 8946.219 Thread 0x00000252c7c45590 Thread exited: 0x00000252c7c45590
Event: 10636.540 Thread 0x00000252c675fc70 Thread added: 0x00000252c7c462b0
Event: 10636.544 Thread 0x00000252c7c462b0 Thread added: 0x00000252c7c45590


Dynamic libraries:
0x00007ff7d68c0000 - 0x00007ff7d68ce000 	C:\Users\sraje\.jdks\openjdk-23.0.2\bin\java.exe
0x00007ffd23940000 - 0x00007ffd23ba3000 	C:\WINDOWS\SYSTEM32\ntdll.dll
0x00007ffd237a0000 - 0x00007ffd23867000 	C:\WINDOWS\System32\KERNEL32.DLL
0x00007ffd211e0000 - 0x00007ffd215a7000 	C:\WINDOWS\System32\KERNELBASE.dll
0x00007ffd20da0000 - 0x00007ffd20eec000 	C:\WINDOWS\System32\ucrtbase.dll
0x00007ffd1a060000 - 0x00007ffd1a077000 	C:\Users\sraje\.jdks\openjdk-23.0.2\bin\jli.dll
0x00007ffd21920000 - 0x00007ffd21ae9000 	C:\WINDOWS\System32\USER32.dll
0x00007ffd1a080000 - 0x00007ffd1a09b000 	C:\Users\sraje\.jdks\openjdk-23.0.2\bin\VCRUNTIME140.dll
0x00007ffd20ef0000 - 0x00007ffd20f17000 	C:\WINDOWS\System32\win32u.dll
0x00007ffd03040000 - 0x00007ffd032d0000 	C:\WINDOWS\WinSxS\amd64_microsoft.windows.common-controls_6595b64144ccf1df_6.0.26100.3037_none_3e09262ce333c378\COMCTL32.dll
0x00007ffd22380000 - 0x00007ffd22429000 	C:\WINDOWS\System32\msvcrt.dll
0x00007ffd21b20000 - 0x00007ffd21b4a000 	C:\WINDOWS\System32\GDI32.dll
0x00007ffd21650000 - 0x00007ffd2177b000 	C:\WINDOWS\System32\gdi32full.dll
0x00007ffd21130000 - 0x00007ffd211d3000 	C:\WINDOWS\System32\msvcp_win.dll
0x00007ffd22790000 - 0x00007ffd227bf000 	C:\WINDOWS\System32\IMM32.DLL
0x00007ffd19f50000 - 0x00007ffd19f5c000 	C:\Users\sraje\.jdks\openjdk-23.0.2\bin\vcruntime140_1.dll
0x00007ffceed00000 - 0x00007ffceed8e000 	C:\Users\sraje\.jdks\openjdk-23.0.2\bin\msvcp140.dll
0x00007ffc8bde0000 - 0x00007ffc8cb30000 	C:\Users\sraje\.jdks\openjdk-23.0.2\bin\server\jvm.dll
0x00007ffd21800000 - 0x00007ffd218b4000 	C:\WINDOWS\System32\ADVAPI32.dll
0x00007ffd22c80000 - 0x00007ffd22d26000 	C:\WINDOWS\System32\sechost.dll
0x00007ffd22a50000 - 0x00007ffd22b66000 	C:\WINDOWS\System32\RPCRT4.dll
0x00007ffd23210000 - 0x00007ffd23284000 	C:\WINDOWS\System32\WS2_32.dll
0x00007ffd20b90000 - 0x00007ffd20bde000 	C:\WINDOWS\SYSTEM32\POWRPROF.dll
0x00007ffd0d370000 - 0x00007ffd0d3a6000 	C:\WINDOWS\SYSTEM32\WINMM.dll
0x00007ffd17430000 - 0x00007ffd1743b000 	C:\WINDOWS\SYSTEM32\VERSION.dll
0x00007ffd20b50000 - 0x00007ffd20b64000 	C:\WINDOWS\SYSTEM32\UMPDC.dll
0x00007ffd1faf0000 - 0x00007ffd1fb0a000 	C:\WINDOWS\SYSTEM32\kernel.appcore.dll
0x00007ffd19f40000 - 0x00007ffd19f4a000 	C:\Users\sraje\.jdks\openjdk-23.0.2\bin\jimage.dll
0x00007ffd1e480000 - 0x00007ffd1e6c1000 	C:\WINDOWS\SYSTEM32\DBGHELP.DLL
0x00007ffd22d30000 - 0x00007ffd230ae000 	C:\WINDOWS\System32\combase.dll
0x00007ffd22970000 - 0x00007ffd22a46000 	C:\WINDOWS\System32\OLEAUT32.dll
0x00007ffd0a080000 - 0x00007ffd0a0b9000 	C:\WINDOWS\SYSTEM32\dbgcore.DLL
0x00007ffd215b0000 - 0x00007ffd21649000 	C:\WINDOWS\System32\bcryptPrimitives.dll
0x00007ffd188c0000 - 0x00007ffd188cf000 	C:\Users\sraje\.jdks\openjdk-23.0.2\bin\instrument.dll
0x00007ffd19f20000 - 0x00007ffd19f3e000 	C:\Users\sraje\.jdks\openjdk-23.0.2\bin\java.dll
0x00007ffd227d0000 - 0x00007ffd22965000 	C:\WINDOWS\System32\ole32.dll
0x00007ffd21c70000 - 0x00007ffd22374000 	C:\WINDOWS\System32\SHELL32.dll
0x00007ffd1e9c0000 - 0x00007ffd1f1f7000 	C:\WINDOWS\SYSTEM32\windows.storage.dll
0x00007ffd23120000 - 0x00007ffd23209000 	C:\WINDOWS\System32\SHCORE.dll
0x00007ffd218c0000 - 0x00007ffd2191d000 	C:\WINDOWS\System32\shlwapi.dll
0x00007ffd20bf0000 - 0x00007ffd20c1e000 	C:\WINDOWS\SYSTEM32\profapi.dll
0x00007ffcec1c0000 - 0x00007ffcec297000 	C:\Users\sraje\.jdks\openjdk-23.0.2\bin\jsvml.dll
0x00007ffd0f5e0000 - 0x00007ffd0f5f7000 	C:\Users\sraje\.jdks\openjdk-23.0.2\bin\zip.dll
0x00007ffd188b0000 - 0x00007ffd188c0000 	C:\Users\sraje\.jdks\openjdk-23.0.2\bin\net.dll
0x00007ffd20020000 - 0x00007ffd20088000 	C:\WINDOWS\system32\mswsock.dll
0x00007ffd18890000 - 0x00007ffd188a6000 	C:\Users\sraje\.jdks\openjdk-23.0.2\bin\nio.dll
0x00007ffcfdc30000 - 0x00007ffcfdc4a000 	C:\Program Files\JetBrains\IntelliJ IDEA Community Edition 2024.3.2\bin\breakgen64.dll
0x00007ffd18880000 - 0x00007ffd18889000 	C:\Users\sraje\.jdks\openjdk-23.0.2\bin\extnet.dll
0x00007ffd18840000 - 0x00007ffd1884e000 	C:\Users\sraje\.jdks\openjdk-23.0.2\bin\sunmscapi.dll
0x00007ffd20f20000 - 0x00007ffd21096000 	C:\WINDOWS\System32\CRYPT32.dll
0x00007ffd204c0000 - 0x00007ffd204f0000 	C:\WINDOWS\SYSTEM32\ncrypt.dll
0x00007ffd20470000 - 0x00007ffd204af000 	C:\WINDOWS\SYSTEM32\NTASN1.dll
0x00007ffd202c0000 - 0x00007ffd202dc000 	C:\WINDOWS\SYSTEM32\CRYPTSP.dll
0x00007ffd1fa40000 - 0x00007ffd1fa78000 	C:\WINDOWS\system32\rsaenh.dll
0x00007ffd200c0000 - 0x00007ffd200eb000 	C:\WINDOWS\SYSTEM32\USERENV.dll
0x00007ffd20500000 - 0x00007ffd20526000 	C:\WINDOWS\SYSTEM32\bcrypt.dll
0x00007ffd202e0000 - 0x00007ffd202ec000 	C:\WINDOWS\SYSTEM32\CRYPTBASE.dll
0x00007ffd1f4f0000 - 0x00007ffd1f522000 	C:\WINDOWS\SYSTEM32\IPHLPAPI.DLL
0x00007ffd22c70000 - 0x00007ffd22c7a000 	C:\WINDOWS\System32\NSI.dll
0x00007ffd0fb50000 - 0x00007ffd0fb5a000 	C:\Users\sraje\.jdks\openjdk-23.0.2\bin\management.dll
0x00007ffcfc680000 - 0x00007ffcfc68b000 	C:\Users\sraje\.jdks\openjdk-23.0.2\bin\management_ext.dll
0x00007ffd22610000 - 0x00007ffd22618000 	C:\WINDOWS\System32\PSAPI.DLL
0x00007ffcfc670000 - 0x00007ffcfc680000 	C:\Users\sraje\.jdks\openjdk-23.0.2\bin\verify.dll
0x00007ffd1f590000 - 0x00007ffd1f6b5000 	C:\WINDOWS\SYSTEM32\DNSAPI.dll
0x00007ffd0fa70000 - 0x00007ffd0fa7b000 	C:\Windows\System32\rasadhlp.dll
0x00007ffd11e80000 - 0x00007ffd11f05000 	C:\WINDOWS\System32\fwpuclnt.dll
0x00007ffcee1c0000 - 0x00007ffcee1c8000 	C:\WINDOWS\system32\wshunix.dll

dbghelp: loaded successfully - version: 4.0.5 - missing functions: none
symbol engine: initialized successfully - sym options: 0x614 - pdb path: .;C:\Users\sraje\.jdks\openjdk-23.0.2\bin;C:\WINDOWS\SYSTEM32;C:\WINDOWS\WinSxS\amd64_microsoft.windows.common-controls_6595b64144ccf1df_6.0.26100.3037_none_3e09262ce333c378;C:\Users\sraje\.jdks\openjdk-23.0.2\bin\server;C:\Program Files\JetBrains\IntelliJ IDEA Community Edition 2024.3.2\bin

VM Arguments:
jvm_args: -javaagent:C:\Program Files\JetBrains\IntelliJ IDEA Community Edition 2024.3.2\lib\idea_rt.jar=50126:C:\Program Files\JetBrains\IntelliJ IDEA Community Edition 2024.3.2\bin -Dfile.encoding=UTF-8 -Dsun.stdout.encoding=UTF-8 -Dsun.stderr.encoding=UTF-8 
java_command: com.example.demo.DemoApplication
java_class_path (initial): C:\Users\sraje\IdeaProjects\restapidemo\demo\target\classes;C:\Users\sraje\.m2\repository\org\springframework\boot\spring-boot-starter-data-jdbc\3.4.2\spring-boot-starter-data-jdbc-3.4.2.jar;C:\Users\sraje\.m2\repository\org\springframework\boot\spring-boot-starter-jdbc\3.4.2\spring-boot-starter-jdbc-3.4.2.jar;C:\Users\sraje\.m2\repository\com\zaxxer\HikariCP\5.1.0\HikariCP-5.1.0.jar;C:\Users\sraje\.m2\repository\org\springframework\spring-jdbc\6.2.2\spring-jdbc-6.2.2.jar;C:\Users\sraje\.m2\repository\org\springframework\data\spring-data-jdbc\3.4.2\spring-data-jdbc-3.4.2.jar;C:\Users\sraje\.m2\repository\org\springframework\data\spring-data-relational\3.4.2\spring-data-relational-3.4.2.jar;C:\Users\sraje\.m2\repository\org\springframework\data\spring-data-commons\3.4.2\spring-data-commons-3.4.2.jar;C:\Users\sraje\.m2\repository\org\springframework\spring-tx\6.2.2\spring-tx-6.2.2.jar;C:\Users\sraje\.m2\repository\org\springframework\spring-context\6.2.2\spring-context-6.2.2.jar;C:\Users\sraje\.m2\repository\org\springframework\spring-beans\6.2.2\spring-beans-6.2.2.jar;C:\Users\sraje\.m2\repository\org\slf4j\slf4j-api\2.0.16\slf4j-api-2.0.16.jar;C:\Users\sraje\.m2\repository\org\springframework\boot\spring-boot-starter-data-jpa\3.4.2\spring-boot-starter-data-jpa-3.4.2.jar;C:\Users\sraje\.m2\repository\org\springframework\boot\spring-boot-starter\3.4.2\spring-boot-starter-3.4.2.jar;C:\Users\sraje\.m2\repository\org\springframework\boot\spring-boot\3.4.2\spring-boot-3.4.2.jar;C:\Users\sraje\.m2\repository\org\springframework\boot\spring-boot-autoconfigure\3.4.2\spring-boot-autoconfigure-3.4.2.jar;C:\Users\sraje\.m2\repository\org\springframework\boot\spring-boot-starter-logging\3.4.2\spring-boot-starter-logging-3.4.2.jar;C:\Users\sraje\.m2\repository\ch\qos\logback\logback-classic\1.5.16\logback-classic-1.5.16.jar;C:\Users\sraje\.m2\repository\ch\qos\logback\logback-core\1.5.16\logback-core-1.5.16.jar;C:\Users\sraje\.m2\repository\org\apache\logging\log4j\log4j-to-slf4j\2.24.3\log4j-to-slf4j-2.24.3.jar;C:\Users\sraje\.m2\repository\org\apache\logging\log4j\log4j-api\2.24.3\log4j-api-2.24.3.jar;C:\Users\sraje\.m2\repository\org\slf4j\jul-to-slf4j\2.0.16\jul-to-slf4j-2.0.16.jar;C:\Users\sraje\.m2\repository\jakarta\annotation\jakarta.annotation-api\2.1.1\jakarta.annotation-api-2.1.1.jar;C:\Users\sraje\.m2\repository\org\yaml\snakeyaml\2.3\snakeyaml-2.3.jar;C:\Users\sraje\.m2\repository\org\hibernate\orm\hibernate-core\6.6.5.Final\hibernate-core-6.6.5.Final.jar;C:\Users\sraje\.m2\repository\jakarta\persistence\jakarta.persistence-api\3.1.0\jakarta.persistence-api-3.1.0.jar;C:\Users\sraje\.m2\repository\jakarta\transaction\jakarta.transaction-api\2.0.1\jakarta.transaction-api-2.0.1.jar;C:\Users\sraje\.m2\repository\org\jboss\logging\jboss-logging\3.6.1.Final\jboss-logging-3.6.1.Final.jar;C:\Users\sraje\.m2\repository\org\hibernate\common\hibernate-commons-annotations\7.0.3.Final\hibernate-commons-annotations-7.0.3.Final.jar;C:\Users\sraje\.m2\repository\io\smallrye\jandex\3.2.0\jandex-3.2.0.jar;C:\Users\sraje\.m2\repository\com\fasterxml\classmate\1.7.0\classmate-1.7.0.jar;C:\Users\sraje\.m2\repository\net\bytebuddy\byte-buddy\1.15.11\byte-buddy-1.15.11.jar;C:\Users\sraje\.m2\repository\org\glassfish\jaxb\jaxb-runtime\4.0.5\jaxb-runtime-4.0.5.jar;C:\Users\sraje\.m2\repository\org\glassfish\jaxb\jaxb-core\4.0.5\jaxb-core-4.0.5.jar;C:\Users\sraje\.m2\repository\org\eclipse\angus\angus-activation\2.0.2\angus-activation-2.0.2.jar;C:\Users\sraje\.m2\repository\org\glassfish\jaxb\txw2\4.0.5\txw2-4.0.5.jar;C:\Users\sraje\.m2\repository\com\sun\istack\istack-commons-runtime\4.1.2\istack-commons-runtime-4.1.2.jar;C:\Users\sraje\.m2\repository\jakarta\inject\jakarta.inject-api\2.0.1\jakarta.inject-api-2.0.1.jar;C:\Users\sraje\.m2\repository\org\antlr\antlr4-runtime\4.13.0\antlr4-runtime-4.13.0.jar;C:\Users\sraje\.m2\repository\org\springframework\data\spring-data-jpa\3.4.2\spring-data-jpa-3.4.2.jar;C:\Users\sraje\.m2\repository\org\springframework\spring-orm\6.2.2\spring-orm-6.2.2.jar;C:\Users\sraje\.m2\repository\org\springframework\spring-aop\6.2.2\spring-aop-6.2.2.jar;C:\Users\sraje\.m2\repository\org\springframework\spring-aspects\6.2.2\spring-aspects-6.2.2.jar;C:\Users\sraje\.m2\repository\org\aspectj\aspectjweaver\1.9.22.1\aspectjweaver-1.9.22.1.jar;C:\Users\sraje\.m2\repository\org\springframework\boot\spring-boot-starter-web\3.4.2\spring-boot-starter-web-3.4.2.jar;C:\Users\sraje\.m2\repository\org\springframework\boot\spring-boot-starter-json\3.4.2\spring-boot-starter-json-3.4.2.jar;C:\Users\sraje\.m2\repository\com\fasterxml\jackson\core\jackson-databind\2.18.2\jackson-databind-2.18.2.jar;C:\Users\sraje\.m2\repository\com\fasterxml\jackson\core\jackson-annotations\2.18.2\jackson-annotations-2.18.2.jar;C:\Users\sraje\.m2\repository\com\fasterxml\jackson\core\jackson-core\2.18.2\jackson-core-2.18.2.jar;C:\Users\sraje\.m2\repository\com\fasterxml\jackson\datatype\jackson-datatype-jdk8\2.18.2\jackson-datatype-jdk8-2.18.2.jar;C:\Users\sraje\.m2\repository\com\fasterxml\jackson\datatype\jackson-datatype-jsr310\2.18.2\jackson-datatype-jsr310-2.18.2.jar;C:\Users\sraje\.m2\repository\com\fasterxml\jackson\module\jackson-module-parameter-names\2.18.2\jackson-module-parameter-names-2.18.2.jar;C:\Users\sraje\.m2\repository\org\springframework\boot\spring-boot-starter-tomcat\3.4.2\spring-boot-starter-tomcat-3.4.2.jar;C:\Users\sraje\.m2\repository\org\apache\tomcat\embed\tomcat-embed-core\10.1.34\tomcat-embed-core-10.1.34.jar;C:\Users\sraje\.m2\repository\org\apache\tomcat\embed\tomcat-embed-websocket\10.1.34\tomcat-embed-websocket-10.1.34.jar;C:\Users\sraje\.m2\repository\org\springframework\spring-web\6.2.2\spring-web-6.2.2.jar;C:\Users\sraje\.m2\repository\io\micrometer\micrometer-observation\1.14.3\micrometer-observation-1.14.3.jar;C:\Users\sraje\.m2\repository\io\micrometer\micrometer-commons\1.14.3\micrometer-commons-1.14.3.jar;C:\Users\sraje\.m2\repository\org\springframework\spring-webmvc\6.2.2\spring-webmvc-6.2.2.jar;C:\Users\sraje\.m2\repository\org\springframework\spring-expression\6.2.2\spring-expression-6.2.2.jar;C:\Users\sraje\.m2\repository\com\h2database\h2\2.3.232\h2-2.3.232.jar;C:\Users\sraje\.m2\repository\com\mysql\mysql-connector-j\9.1.0\mysql-connector-j-9.1.0.jar;C:\Users\sraje\.m2\repository\jakarta\xml\bind\jakarta.xml.bind-api\4.0.2\jakarta.xml.bind-api-4.0.2.jar;C:\Users\sraje\.m2\repository\jakarta\activation\jakarta.activation-api\2.1.3\jakarta.activation-api-2.1.3.jar;C:\Users\sraje\.m2\repository\org\springframework\spring-core\6.2.2\spring-core-6.2.2.jar;C:\Users\sraje\.m2\repository\org\springframework\spring-jcl\6.2.2\spring-jcl-6.2.2.jar;C:\Users\sraje\.m2\repository\org\springframework\boot\spring-boot-starter-validation\3.4.2\spring-boot-starter-validation-3.4.2.jar;C:\Users\sraje\.m2\repository\org\apache\tomcat\embed\tomcat-embed-el\10.1.34\tomcat-embed-el-10.1.34.jar;C:\Users\sraje\.m2\repository\org\hibernate\validator\hibernate-validator\8.0.2.Final\hibernate-validator-8.0.2.Final.jar;C:\Users\sraje\.m2\repository\jakarta\validation\jakarta.validation-api\3.0.2\jakarta.validation-api-3.0.2.jar
Launcher Type: SUN_STANDARD

[Global flags]
     intx CICompilerCount                          = 4                                         {product} {ergonomic}
     uint ConcGCThreads                            = 2                                         {product} {ergonomic}
     uint G1ConcRefinementThreads                  = 8                                         {product} {ergonomic}
   size_t G1HeapRegionSize                         = 2097152                                   {product} {ergonomic}
   size_t InitialHeapSize                          = 199229440                                 {product} {ergonomic}
   size_t MarkStackSize                            = 4194304                                   {product} {ergonomic}
   size_t MarkStackSizeMax                         = 536870912                                 {product} {ergonomic}
   size_t MaxHeapSize                              = 3160408064                                {product} {ergonomic}
   size_t MaxNewSize                               = 1895825408                                {product} {ergonomic}
   size_t MinHeapDeltaBytes                        = 2097152                                   {product} {ergonomic}
   size_t MinHeapSize                              = 8388608                                   {product} {ergonomic}
    uintx NonNMethodCodeHeapSize                   = 5832704                                {pd product} {ergonomic}
    uintx NonProfiledCodeHeapSize                  = 122945536                              {pd product} {ergonomic}
    uintx ProfiledCodeHeapSize                     = 122880000                              {pd product} {ergonomic}
    uintx ReservedCodeCacheSize                    = 251658240                              {pd product} {ergonomic}
     bool SegmentedCodeCache                       = true                                      {product} {ergonomic}
   size_t SoftMaxHeapSize                          = 3160408064                             {manageable} {ergonomic}
     bool UseCompressedOops                        = true                           {product lp64_product} {ergonomic}
     bool UseG1GC                                  = true                                      {product} {ergonomic}
     bool UseLargePagesIndividualAllocation        = false                                  {pd product} {ergonomic}

Logging:
Log output configuration:
 #0: stdout all=warning uptime,level,tags foldmultilines=false
 #1: stderr all=off uptime,level,tags foldmultilines=false

Environment Variables:
JAVA_HOME=C:\Program Files\Java\jdk-11
PATH=C:\Program Files\Common Files\Oracle\Java\javapath;C:\Program Files (x86)\Common Files\Oracle\Java\java8path;C:\Program Files (x86)\Common Files\Oracle\Java\javapath;C:\WINDOWS\system32;C:\WINDOWS;C:\WINDOWS\System32\Wbem;C:\WINDOWS\System32\WindowsPowerShell\v1.0\;C:\WINDOWS\System32\OpenSSH\;C:\Program Files\dotnet\;C:\Program Files\Git\cmd;C:\Program Files\MySQL\MySQL Shell 8.0\bin\;C:\Users\sraje\AppData\Local\Microsoft\WindowsApps;C:\Users\sraje\AppData\Local\GitHubDesktop\bin;C:\Program Files\JetBrains\IntelliJ IDEA Community Edition 2024.3.2\bin;;
USERNAME=sraje
OS=Windows_NT
PROCESSOR_IDENTIFIER=Intel64 Family 6 Model 126 Stepping 5, GenuineIntel
TMP=C:\Users\sraje\AppData\Local\Temp
TEMP=C:\Users\sraje\AppData\Local\Temp




Periodic native trim disabled

---------------  S Y S T E M  ---------------

OS:
 Windows 11 , 64 bit Build 26100 (10.0.26100.3037)
OS uptime: 0 days 13:12 hours
Hyper-V role detected

CPU: total 8 (initial active 8) (4 cores per cpu, 2 threads per core) family 6 model 126 stepping 5 microcode 0xc6, cx8, cmov, fxsr, ht, mmx, 3dnowpref, sse, sse2, sse3, ssse3, sse4.1, sse4.2, popcnt, lzcnt, tsc, tscinvbit, avx, avx2, aes, erms, clmul, bmi1, bmi2, adx, avx512f, avx512dq, avx512cd, avx512bw, avx512vl, sha, fma, vzeroupper, avx512_vpopcntdq, avx512_vpclmulqdq, avx512_vaes, avx512_vnni, clflush, clflushopt, avx512_vbmi2, avx512_vbmi, hv, rdtscp, rdpid, fsrm, gfni, avx512_bitalg, f16c, avx512_ifma
Processor Information for the first 8 processors :
  Max Mhz: 1190, Current Mhz: 991, Mhz Limit: 987

Memory: 4k page, system-wide physical 12054M (1362M free)
TotalPageFile size 15657M (AvailPageFile size 3M)
current process WorkingSet (physical memory assigned to process): 123M, peak: 262M
current process commit charge ("private bytes"): 273M, peak: 339M

vm_info: OpenJDK 64-Bit Server VM (23.0.2+7-58) for windows-amd64 JRE (23.0.2+7-58), built on 2024-11-29T09:34:55Z with MS VC++ 17.6 (VS2022)

END.
